<?xml version="1.0" encoding="UTF-8"?>
<!-- Generated by org.testng.reporters.JUnitXMLReporter -->
<testsuite hostname="A2ML24357" name="test1" tests="4" failures="0" timestamp="1 Mar 2019 10:07:39 GMT" time="45.73" errors="0">
  <testcase name="group1" time="0.007" classname="testCases.Registration_TestNG_TC"/>
  <testcase name="group2" time="0.002" classname="testCases.Registration_TestNG_TC"/>
  <testcase name="registration" time="6.434" classname="testCases.Registration_TestNG_TC"/>
  <testcase name="registration" time="5.847" classname="testCases.Registration_TestNG_TC"/>
</testsuite> <!-- test1 -->
