<?xml version="1.0" encoding="UTF-8"?>
<testng-results skipped="0" failed="0" total="1" passed="1">
  <reporter-output>
  </reporter-output>
  <suite name="Default suite" duration-ms="1493" started-at="2019-03-19T07:15:03Z" finished-at="2019-03-19T07:15:04Z">
    <groups>
    </groups>
    <test name="Default test" duration-ms="1493" started-at="2019-03-19T07:15:03Z" finished-at="2019-03-19T07:15:04Z">
      <class name="testCases.Registration_TestNG_TC">
        <test-method status="PASS" signature="beforeTest()[pri:0, instance:testCases.Registration_TestNG_TC@5e5792a0]" name="beforeTest" is-config="true" duration-ms="111" started-at="2019-03-19T12:45:03Z" finished-at="2019-03-19T12:45:03Z">
          <reporter-output>
          </reporter-output>
        </test-method> <!-- beforeTest -->
        <test-method status="PASS" signature="beforeMethod()[pri:0, instance:testCases.Registration_TestNG_TC@5e5792a0]" name="beforeMethod" is-config="true" duration-ms="1" started-at="2019-03-19T12:45:04Z" finished-at="2019-03-19T12:45:04Z">
          <reporter-output>
          </reporter-output>
        </test-method> <!-- beforeMethod -->
        <test-method status="PASS" signature="registration(java.lang.String, java.lang.String)[pri:0, instance:testCases.Registration_TestNG_TC@5e5792a0]" name="registration" duration-ms="817" started-at="2019-03-19T12:45:04Z" data-provider="excelData" finished-at="2019-03-19T12:45:04Z">
          <params>
            <param index="0">
              <value>
                <![CDATA[TC_001]]>
              </value>
            </param>
            <param index="1">
              <value>
                <![CDATA[To Verify Registration functionality with valid first name and last name]]>
              </value>
            </param>
          </params>
          <reporter-output>
          </reporter-output>
        </test-method> <!-- registration -->
        <test-method status="PASS" signature="afterMethod(org.testng.ITestResult)[pri:0, instance:testCases.Registration_TestNG_TC@5e5792a0]" name="afterMethod" is-config="true" duration-ms="1" started-at="2019-03-19T12:45:04Z" finished-at="2019-03-19T12:45:04Z">
          <params>
            <param index="0">
              <value>
                <![CDATA[[TestResult name=registration status=SUCCESS method=Registration_TestNG_TC.registration(java.lang.String, java.lang.String)[pri:0, instance:testCases.Registration_TestNG_TC@5e5792a0] output={null}]]]>
              </value>
            </param>
          </params>
          <reporter-output>
          </reporter-output>
        </test-method> <!-- afterMethod -->
        <test-method status="PASS" signature="afterTest()[pri:0, instance:testCases.Registration_TestNG_TC@5e5792a0]" name="afterTest" is-config="true" duration-ms="2" started-at="2019-03-19T12:45:04Z" finished-at="2019-03-19T12:45:04Z">
          <reporter-output>
          </reporter-output>
        </test-method> <!-- afterTest -->
      </class> <!-- testCases.Registration_TestNG_TC -->
    </test> <!-- Default test -->
  </suite> <!-- Default suite -->
</testng-results>
