<?xml version="1.0" encoding="UTF-8"?>
<testng-results skipped="0" failed="0" total="1" passed="1">
  <reporter-output>
  </reporter-output>
  <suite name="Default suite" duration-ms="38009" started-at="2019-03-19T06:52:05Z" finished-at="2019-03-19T06:52:43Z">
    <groups>
    </groups>
    <test name="Default test" duration-ms="38009" started-at="2019-03-19T06:52:05Z" finished-at="2019-03-19T06:52:43Z">
      <class name="testCases.Registration_TestNG_TC">
        <test-method status="PASS" signature="beforeTest()[pri:0, instance:testCases.Registration_TestNG_TC@5e5792a0]" name="beforeTest" is-config="true" duration-ms="143" started-at="2019-03-19T12:22:05Z" finished-at="2019-03-19T12:22:05Z">
          <reporter-output>
          </reporter-output>
        </test-method> <!-- beforeTest -->
        <test-method status="PASS" signature="beforeMethod()[pri:0, instance:testCases.Registration_TestNG_TC@5e5792a0]" name="beforeMethod" is-config="true" duration-ms="7196" started-at="2019-03-19T12:22:05Z" finished-at="2019-03-19T12:22:13Z">
          <reporter-output>
          </reporter-output>
        </test-method> <!-- beforeMethod -->
        <test-method status="PASS" signature="registration(java.lang.String, java.lang.String)[pri:0, instance:testCases.Registration_TestNG_TC@5e5792a0]" name="registration" duration-ms="29763" started-at="2019-03-19T12:22:13Z" data-provider="excelData" finished-at="2019-03-19T12:22:42Z">
          <params>
            <param index="0">
              <value>
                <![CDATA[TC_001]]>
              </value>
            </param>
            <param index="1">
              <value>
                <![CDATA[To Verify Registration functionality with valid first name and last name]]>
              </value>
            </param>
          </params>
          <reporter-output>
          </reporter-output>
        </test-method> <!-- registration -->
        <test-method status="PASS" signature="afterMethod(org.testng.ITestResult)[pri:0, instance:testCases.Registration_TestNG_TC@5e5792a0]" name="afterMethod" is-config="true" duration-ms="188" started-at="2019-03-19T12:22:42Z" finished-at="2019-03-19T12:22:43Z">
          <params>
            <param index="0">
              <value>
                <![CDATA[[TestResult name=registration status=SUCCESS method=Registration_TestNG_TC.registration(java.lang.String, java.lang.String)[pri:0, instance:testCases.Registration_TestNG_TC@5e5792a0] output={null}]]]>
              </value>
            </param>
          </params>
          <reporter-output>
          </reporter-output>
        </test-method> <!-- afterMethod -->
        <test-method status="PASS" signature="afterTest()[pri:0, instance:testCases.Registration_TestNG_TC@5e5792a0]" name="afterTest" is-config="true" duration-ms="1" started-at="2019-03-19T12:22:43Z" finished-at="2019-03-19T12:22:43Z">
          <reporter-output>
          </reporter-output>
        </test-method> <!-- afterTest -->
      </class> <!-- testCases.Registration_TestNG_TC -->
    </test> <!-- Default test -->
  </suite> <!-- Default suite -->
</testng-results>
