<?xml version="1.0" encoding="UTF-8"?>
<!-- Generated by org.testng.reporters.JUnitXMLReporter -->
<testsuite hostname="A2ML24357" name="Test1" tests="3" failures="1" timestamp="12 Mar 2019 09:23:01 GMT" time="9.212" errors="0">
  <testcase name="@AfterMethod afterMethod" time="0.0" classname="testCases.Registration_TestNG_TC">
    <failure type="java.lang.NullPointerException">
      <![CDATA[java.lang.NullPointerException
	at utility.HTMLReport.writeTestCaseSummaryReport(HTMLReport.java:83)
	at testCases.Registration_TestNG_TC.afterMethod(Registration_TestNG_TC.java:146)
... Removed 26 stack frames]]>
    </failure>
  </testcase> <!-- @AfterMethod afterMethod -->
  <testcase name="@BeforeMethod beforeMethod" time="0.0" classname="testCases.Registration_TestNG_TC">
    <skipped/>
  </testcase> <!-- @BeforeMethod beforeMethod -->
  <testcase name="@AfterMethod afterMethod" time="0.0" classname="testCases.Registration_TestNG_TC">
    <skipped/>
  </testcase> <!-- @AfterMethod afterMethod -->
  <testcase name="@BeforeMethod beforeMethod" time="0.0" classname="testCases.Registration_TestNG_TC">
    <skipped/>
  </testcase> <!-- @BeforeMethod beforeMethod -->
  <testcase name="@AfterMethod afterMethod" time="0.0" classname="testCases.Registration_TestNG_TC">
    <skipped/>
  </testcase> <!-- @AfterMethod afterMethod -->
  <testcase name="@AfterTest afterTest" time="0.0" classname="testCases.Registration_TestNG_TC">
    <skipped/>
  </testcase> <!-- @AfterTest afterTest -->
  <testcase name="registration" time="0.008" classname="testCases.Registration_TestNG_TC">
    <failure type="java.io.FileNotFoundException" message="D:\Ajay\Ajay\Selenium\FrameWorkExerciseOne\TestResults\NewResults\TC_001\TC_001.html (The system cannot find the path specified)">
      <![CDATA[java.io.FileNotFoundException: D:\Ajay\Ajay\Selenium\FrameWorkExerciseOne\TestResults\NewResults\TC_001\TC_001.html (The system cannot find the path specified)
	at java.io.FileOutputStream.open0(Native Method)
	at java.io.FileOutputStream.open(FileOutputStream.java:270)
	at java.io.FileOutputStream.<init>(FileOutputStream.java:213)
	at java.io.FileOutputStream.<init>(FileOutputStream.java:162)
	at java.io.FileWriter.<init>(FileWriter.java:90)
	at utility.HTMLReport.setTestCaseSummaryHTML(HTMLReport.java:75)
	at testCases.Registration_TestNG_TC.registration(Registration_TestNG_TC.java:56)
... Removed 24 stack frames]]>
    </failure>
  </testcase> <!-- registration -->
  <testcase name="registration" time="0.001" classname="testCases.Registration_TestNG_TC">
    <skipped/>
  </testcase> <!-- registration -->
  <testcase name="registration" time="0.003" classname="testCases.Registration_TestNG_TC">
    <skipped/>
  </testcase> <!-- registration -->
</testsuite> <!-- Test1 -->
